{"name": "test_verify_sum1", "status": "failed", "statusDetails": {"message": "AssertionError: assert (1 + 1) == 3", "trace": "@pytest.mark.smoke(reason=\"not completed\")\n    def test_verify_sum1():\n>       assert (1+1) == 3\nE       assert (1 + 1) == 3\n\nSRC\\October\\test_lab175.py:21: AssertionError"}, "start": 1729104400647, "stop": 1729104400647, "uuid": "b2aa9aa9-cdbd-480a-9f97-bdd6592dbf71", "historyId": "dca2dc90c97ff950ad4e15646c98f9fe", "testCaseId": "dca2dc90c97ff950ad4e15646c98f9fe", "fullName": "SRC.October.test_lab175#test_verify_sum1", "labels": [{"name": "tag", "value": "smoke(reason='not completed')"}, {"name": "parentSuite", "value": "SRC.October"}, {"name": "suite", "value": "test_lab175"}, {"name": "host", "value": "LP-5CG2482QRK"}, {"name": "thread", "value": "21876-MainThread"}, {"name": "framework", "value": "pytest"}, {"name": "language", "value": "cpython3"}, {"name": "package", "value": "SRC.October.test_lab175"}]}